# JRE version: Java(TM) SE Runtime Environment (8.0_05-b13) (build 1.8.0_05-b13)
# Java VM: Java HotSpot(TM) 64-Bit Server VM (25.5-b02 mixed mode linux-amd64 compressed oops)
Heap:
 PSYoungGen      total 1536K, used 963K [0x00000000ebb00000, 0x00000000ec000000, 0x0000000100000000)
  eden space 1024K, 44% used [0x00000000ebb00000,0x00000000ebb70d98,0x00000000ebc00000)
  from space 512K, 100% used [0x00000000ebc00000,0x00000000ebc80000,0x00000000ebc80000)
  to   space 1536K, 0% used [0x00000000ebe80000,0x00000000ebe80000,0x00000000ec000000)
 ParOldGen       total 61952K, used 914K [0x00000000c3000000, 0x00000000c6c80000, 0x00000000ebb00000)
  object space 61952K, 1% used [0x00000000c3000000,0x00000000c30e48b0,0x00000000c6c80000)
 Metaspace       used 8693K, capacity 8836K, committed 8960K, reserved 1056768K
  class space    used 962K, capacity 1012K, committed 1024K, reserved 1048576K
GC Heap History (10 events):
Event: 0.114 GC heap before
{Heap before GC invocations=1 (full 0):
 PSYoungGen      total 1024K, used 512K [0x00000000ebb00000, 0x00000000ebc80000, 0x0000000100000000)
  eden space 512K, 100% used [0x00000000ebb00000,0x00000000ebb80000,0x00000000ebb80000)
  from space 512K, 0% used [0x00000000ebc00000,0x00000000ebc00000,0x00000000ebc80000)
  to   space 512K, 0% used [0x00000000ebb80000,0x00000000ebb80000,0x00000000ebc00000)
 ParOldGen       total 61952K, used 0K [0x00000000c3000000, 0x00000000c6c80000, 0x00000000ebb00000)
  object space 61952K, 0% used [0x00000000c3000000,0x00000000c3000000,0x00000000c6c80000)
 Metaspace       used 3074K, capacity 4518K, committed 4864K, reserved 1056768K
  class space    used 333K, capacity 418K, committed 512K, reserved 1048576K
Event: 0.116 GC heap after
Heap after GC invocations=1 (full 0):
 PSYoungGen      total 1024K, used 384K [0x00000000ebb00000, 0x00000000ebc80000, 0x0000000100000000)
  eden space 512K, 0% used [0x00000000ebb00000,0x00000000ebb00000,0x00000000ebb80000)
  from space 512K, 75% used [0x00000000ebb80000,0x00000000ebbe0020,0x00000000ebc00000)
  to   space 512K, 0% used [0x00000000ebc00000,0x00000000ebc00000,0x00000000ebc80000)
 ParOldGen       total 61952K, used 8K [0x00000000c3000000, 0x00000000c6c80000, 0x00000000ebb00000)
  object space 61952K, 0% used [0x00000000c3000000,0x00000000c3002000,0x00000000c6c80000)
 Metaspace       used 3074K, capacity 4518K, committed 4864K, reserved 1056768K
  class space    used 333K, capacity 418K, committed 512K, reserved 1048576K
}
Event: 0.168 GC heap before
{Heap before GC invocations=2 (full 0):
 PSYoungGen      total 1024K, used 896K [0x00000000ebb00000, 0x00000000ebc80000, 0x0000000100000000)
  eden space 512K, 100% used [0x00000000ebb00000,0x00000000ebb80000,0x00000000ebb80000)
  from space 512K, 75% used [0x00000000ebb80000,0x00000000ebbe0020,0x00000000ebc00000)
  to   space 512K, 0% used [0x00000000ebc00000,0x00000000ebc00000,0x00000000ebc80000)
 ParOldGen       total 61952K, used 8K [0x00000000c3000000, 0x00000000c6c80000, 0x00000000ebb00000)
  object space 61952K, 0% used [0x00000000c3000000,0x00000000c3002000,0x00000000c6c80000)
 Metaspace       used 4952K, capacity 5032K, committed 5248K, reserved 1056768K
  class space    used 541K, capacity 591K, committed 640K, reserved 1048576K
Event: 0.169 GC heap after
Heap after GC invocations=2 (full 0):
 PSYoungGen      total 1024K, used 512K [0x00000000ebb00000, 0x00000000ebd00000, 0x0000000100000000)
  eden space 512K, 0% used [0x00000000ebb00000,0x00000000ebb00000,0x00000000ebb80000)
  from space 512K, 100% used [0x00000000ebc00000,0x00000000ebc80000,0x00000000ebc80000)
  to   space 512K, 0% used [0x00000000ebb80000,0x00000000ebb80000,0x00000000ebc00000)
 ParOldGen       total 61952K, used 120K [0x00000000c3000000, 0x00000000c6c80000, 0x00000000ebb00000)
  object space 61952K, 0% used [0x00000000c3000000,0x00000000c301e000,0x00000000c6c80000)
 Metaspace       used 4952K, capacity 5032K, committed 5248K, reserved 1056768K
  class space    used 541K, capacity 591K, committed 640K, reserved 1048576K
}
Event: 0.189 GC heap before
{Heap before GC invocations=3 (full 0):
 PSYoungGen      total 1024K, used 1024K [0x00000000ebb00000, 0x00000000ebd00000, 0x0000000100000000)
  eden space 512K, 100% used [0x00000000ebb00000,0x00000000ebb80000,0x00000000ebb80000)
  from space 512K, 100% used [0x00000000ebc00000,0x00000000ebc80000,0x00000000ebc80000)
  to   space 512K, 0% used [0x00000000ebb80000,0x00000000ebb80000,0x00000000ebc00000)
 ParOldGen       total 61952K, used 120K [0x00000000c3000000, 0x00000000c6c80000, 0x00000000ebb00000)
  object space 61952K, 0% used [0x00000000c3000000,0x00000000c301e000,0x00000000c6c80000)
 Metaspace       used 5149K, capacity 5208K, committed 5248K, reserved 1056768K
  class space    used 574K, capacity 615K, committed 640K, reserved 1048576K
Event: 0.191 GC heap after
Heap after GC invocations=3 (full 0):
 PSYoungGen      total 1024K, used 496K [0x00000000ebb00000, 0x00000000ebd00000, 0x0000000100000000)
  eden space 512K, 0% used [0x00000000ebb00000,0x00000000ebb00000,0x00000000ebb80000)
  from space 512K, 96% used [0x00000000ebb80000,0x00000000ebbfc010,0x00000000ebc00000)
  to   space 512K, 0% used [0x00000000ebc80000,0x00000000ebc80000,0x00000000ebd00000)
 ParOldGen       total 61952K, used 192K [0x00000000c3000000, 0x00000000c6c80000, 0x00000000ebb00000)
  object space 61952K, 0% used [0x00000000c3000000,0x00000000c3030000,0x00000000c6c80000)
 Metaspace       used 5149K, capacity 5208K, committed 5248K, reserved 1056768K
  class space    used 574K, capacity 615K, committed 640K, reserved 1048576K
}
Event: 0.321 GC heap before
{Heap before GC invocations=4 (full 0):
 PSYoungGen      total 1024K, used 1008K [0x00000000ebb00000, 0x00000000ebd00000, 0x0000000100000000)
  eden space 512K, 100% used [0x00000000ebb00000,0x00000000ebb80000,0x00000000ebb80000)
  from space 512K, 96% used [0x00000000ebb80000,0x00000000ebbfc010,0x00000000ebc00000)
  to   space 512K, 0% used [0x00000000ebc80000,0x00000000ebc80000,0x00000000ebd00000)
 ParOldGen       total 61952K, used 192K [0x00000000c3000000, 0x00000000c6c80000, 0x00000000ebb00000)
  object space 61952K, 0% used [0x00000000c3000000,0x00000000c3030000,0x00000000c6c80000)
 Metaspace       used 7287K, capacity 7386K, committed 7552K, reserved 1056768K
  class space    used 802K, capacity 850K, committed 896K, reserved 1048576K
Event: 0.323 GC heap after
Heap after GC invocations=4 (full 0):
 PSYoungGen      total 1536K, used 480K [0x00000000ebb00000, 0x00000000ebd00000, 0x0000000100000000)
  eden space 1024K, 0% used [0x00000000ebb00000,0x00000000ebb00000,0x00000000ebc00000)
  from space 512K, 93% used [0x00000000ebc80000,0x00000000ebcf8020,0x00000000ebd00000)
  to   space 512K, 0% used [0x00000000ebc00000,0x00000000ebc00000,0x00000000ebc80000)
 ParOldGen       total 61952K, used 482K [0x00000000c3000000, 0x00000000c6c80000, 0x00000000ebb00000)
  object space 61952K, 0% used [0x00000000c3000000,0x00000000c3078860,0x00000000c6c80000)
 Metaspace       used 7287K, capacity 7386K, committed 7552K, reserved 1056768K
  class space    used 802K, capacity 850K, committed 896K, reserved 1048576K
}
Event: 0.652 GC heap before
{Heap before GC invocations=5 (full 0):
 PSYoungGen      total 1536K, used 1504K [0x00000000ebb00000, 0x00000000ebd00000, 0x0000000100000000)
  eden space 1024K, 100% used [0x00000000ebb00000,0x00000000ebc00000,0x00000000ebc00000)
  from space 512K, 93% used [0x00000000ebc80000,0x00000000ebcf8020,0x00000000ebd00000)
  to   space 512K, 0% used [0x00000000ebc00000,0x00000000ebc00000,0x00000000ebc80000)
 ParOldGen       total 61952K, used 482K [0x00000000c3000000, 0x00000000c6c80000, 0x00000000ebb00000)
  object space 61952K, 0% used [0x00000000c3000000,0x00000000c3078860,0x00000000c6c80000)
 Metaspace       used 8289K, capacity 8484K, committed 8704K, reserved 1056768K
  class space    used 920K, capacity 980K, committed 1024K, reserved 1048576K
Event: 0.654 GC heap after
Heap after GC invocations=5 (full 0):
 PSYoungGen      total 1536K, used 512K [0x00000000ebb00000, 0x00000000ec000000, 0x0000000100000000)
  eden space 1024K, 0% used [0x00000000ebb00000,0x00000000ebb00000,0x00000000ebc00000)
  from space 512K, 100% used [0x00000000ebc00000,0x00000000ebc80000,0x00000000ebc80000)
  to   space 1536K, 0% used [0x00000000ebe80000,0x00000000ebe80000,0x00000000ec000000)
 ParOldGen       total 61952K, used 914K [0x00000000c3000000, 0x00000000c6c80000, 0x00000000ebb00000)
  object space 61952K, 1% used [0x00000000c3000000,0x00000000c30e48b0,0x00000000c6c80000)
 Metaspace       used 8289K, capacity 8484K, committed 8704K, reserved 1056768K
  class space    used 920K, capacity 980K, committed 1024K, reserved 1048576K
}

