# JRE version: Java(TM) SE Runtime Environment (8.0_05-b13) (build 1.8.0_05-b13)
# Java VM: Java HotSpot(TM) 64-Bit Server VM (25.5-b02 mixed mode linux-amd64 compressed oops)
Heap:
 PSYoungGen      total 1536K, used 1062K [0x00000000ebb00000, 0x00000000ebf00000, 0x0000000100000000)
  eden space 1024K, 55% used [0x00000000ebb00000,0x00000000ebb8dab8,0x00000000ebc00000)
  from space 512K, 96% used [0x00000000ebc00000,0x00000000ebc7c010,0x00000000ebc80000)
  to   space 1024K, 0% used [0x00000000ebe00000,0x00000000ebe00000,0x00000000ebf00000)
 ParOldGen       total 61952K, used 930K [0x00000000c3000000, 0x00000000c6c80000, 0x00000000ebb00000)
  object space 61952K, 1% used [0x00000000c3000000,0x00000000c30e89d0,0x00000000c6c80000)
 Metaspace       used 8859K, capacity 9024K, committed 9216K, reserved 1056768K
  class space    used 975K, capacity 1012K, committed 1024K, reserved 1048576K
GC Heap History (10 events):
Event: 0.156 GC heap before
{Heap before GC invocations=1 (full 0):
 PSYoungGen      total 1024K, used 512K [0x00000000ebb00000, 0x00000000ebc80000, 0x0000000100000000)
  eden space 512K, 100% used [0x00000000ebb00000,0x00000000ebb80000,0x00000000ebb80000)
  from space 512K, 0% used [0x00000000ebc00000,0x00000000ebc00000,0x00000000ebc80000)
  to   space 512K, 0% used [0x00000000ebb80000,0x00000000ebb80000,0x00000000ebc00000)
 ParOldGen       total 61952K, used 0K [0x00000000c3000000, 0x00000000c6c80000, 0x00000000ebb00000)
  object space 61952K, 0% used [0x00000000c3000000,0x00000000c3000000,0x00000000c6c80000)
 Metaspace       used 3057K, capacity 4518K, committed 4864K, reserved 1056768K
  class space    used 328K, capacity 418K, committed 512K, reserved 1048576K
Event: 0.157 GC heap after
Heap after GC invocations=1 (full 0):
 PSYoungGen      total 1024K, used 416K [0x00000000ebb00000, 0x00000000ebc80000, 0x0000000100000000)
  eden space 512K, 0% used [0x00000000ebb00000,0x00000000ebb00000,0x00000000ebb80000)
  from space 512K, 81% used [0x00000000ebb80000,0x00000000ebbe8020,0x00000000ebc00000)
  to   space 512K, 0% used [0x00000000ebc00000,0x00000000ebc00000,0x00000000ebc80000)
 ParOldGen       total 61952K, used 8K [0x00000000c3000000, 0x00000000c6c80000, 0x00000000ebb00000)
  object space 61952K, 0% used [0x00000000c3000000,0x00000000c3002000,0x00000000c6c80000)
 Metaspace       used 3057K, capacity 4518K, committed 4864K, reserved 1056768K
  class space    used 328K, capacity 418K, committed 512K, reserved 1048576K
}
Event: 0.217 GC heap before
{Heap before GC invocations=2 (full 0):
 PSYoungGen      total 1024K, used 928K [0x00000000ebb00000, 0x00000000ebc80000, 0x0000000100000000)
  eden space 512K, 100% used [0x00000000ebb00000,0x00000000ebb80000,0x00000000ebb80000)
  from space 512K, 81% used [0x00000000ebb80000,0x00000000ebbe8020,0x00000000ebc00000)
  to   space 512K, 0% used [0x00000000ebc00000,0x00000000ebc00000,0x00000000ebc80000)
 ParOldGen       total 61952K, used 8K [0x00000000c3000000, 0x00000000c6c80000, 0x00000000ebb00000)
  object space 61952K, 0% used [0x00000000c3000000,0x00000000c3002000,0x00000000c6c80000)
 Metaspace       used 5007K, capacity 5080K, committed 5248K, reserved 1056768K
  class space    used 540K, capacity 591K, committed 640K, reserved 1048576K
Event: 0.218 GC heap after
Heap after GC invocations=2 (full 0):
 PSYoungGen      total 1024K, used 480K [0x00000000ebb00000, 0x00000000ebd00000, 0x0000000100000000)
  eden space 512K, 0% used [0x00000000ebb00000,0x00000000ebb00000,0x00000000ebb80000)
  from space 512K, 93% used [0x00000000ebc00000,0x00000000ebc78020,0x00000000ebc80000)
  to   space 512K, 0% used [0x00000000ebb80000,0x00000000ebb80000,0x00000000ebc00000)
 ParOldGen       total 61952K, used 128K [0x00000000c3000000, 0x00000000c6c80000, 0x00000000ebb00000)
  object space 61952K, 0% used [0x00000000c3000000,0x00000000c3020000,0x00000000c6c80000)
 Metaspace       used 5007K, capacity 5080K, committed 5248K, reserved 1056768K
  class space    used 540K, capacity 591K, committed 640K, reserved 1048576K
}
Event: 0.249 GC heap before
{Heap before GC invocations=3 (full 0):
 PSYoungGen      total 1024K, used 992K [0x00000000ebb00000, 0x00000000ebd00000, 0x0000000100000000)
  eden space 512K, 100% used [0x00000000ebb00000,0x00000000ebb80000,0x00000000ebb80000)
  from space 512K, 93% used [0x00000000ebc00000,0x00000000ebc78020,0x00000000ebc80000)
  to   space 512K, 0% used [0x00000000ebb80000,0x00000000ebb80000,0x00000000ebc00000)
 ParOldGen       total 61952K, used 128K [0x00000000c3000000, 0x00000000c6c80000, 0x00000000ebb00000)
  object space 61952K, 0% used [0x00000000c3000000,0x00000000c3020000,0x00000000c6c80000)
 Metaspace       used 5213K, capacity 5318K, committed 5504K, reserved 1056768K
  class space    used 572K, capacity 614K, committed 640K, reserved 1048576K
Event: 0.250 GC heap after
Heap after GC invocations=3 (full 0):
 PSYoungGen      total 1024K, used 496K [0x00000000ebb00000, 0x00000000ebd00000, 0x0000000100000000)
  eden space 512K, 0% used [0x00000000ebb00000,0x00000000ebb00000,0x00000000ebb80000)
  from space 512K, 96% used [0x00000000ebb80000,0x00000000ebbfc010,0x00000000ebc00000)
  to   space 512K, 0% used [0x00000000ebc80000,0x00000000ebc80000,0x00000000ebd00000)
 ParOldGen       total 61952K, used 212K [0x00000000c3000000, 0x00000000c6c80000, 0x00000000ebb00000)
  object space 61952K, 0% used [0x00000000c3000000,0x00000000c3035010,0x00000000c6c80000)
 Metaspace       used 5213K, capacity 5318K, committed 5504K, reserved 1056768K
  class space    used 572K, capacity 614K, committed 640K, reserved 1048576K
}
Event: 336.275 GC heap before
{Heap before GC invocations=4 (full 0):
 PSYoungGen      total 1024K, used 1008K [0x00000000ebb00000, 0x00000000ebd00000, 0x0000000100000000)
  eden space 512K, 100% used [0x00000000ebb00000,0x00000000ebb80000,0x00000000ebb80000)
  from space 512K, 96% used [0x00000000ebb80000,0x00000000ebbfc010,0x00000000ebc00000)
  to   space 512K, 0% used [0x00000000ebc80000,0x00000000ebc80000,0x00000000ebd00000)
 ParOldGen       total 61952K, used 212K [0x00000000c3000000, 0x00000000c6c80000, 0x00000000ebb00000)
  object space 61952K, 0% used [0x00000000c3000000,0x00000000c3035010,0x00000000c6c80000)
 Metaspace       used 7367K, capacity 7498K, committed 7552K, reserved 1056768K
  class space    used 802K, capacity 850K, committed 896K, reserved 1048576K
Event: 336.278 GC heap after
Heap after GC invocations=4 (full 0):
 PSYoungGen      total 1536K, used 496K [0x00000000ebb00000, 0x00000000ebd00000, 0x0000000100000000)
  eden space 1024K, 0% used [0x00000000ebb00000,0x00000000ebb00000,0x00000000ebc00000)
  from space 512K, 96% used [0x00000000ebc80000,0x00000000ebcfc010,0x00000000ebd00000)
  to   space 512K, 0% used [0x00000000ebc00000,0x00000000ebc00000,0x00000000ebc80000)
 ParOldGen       total 61952K, used 482K [0x00000000c3000000, 0x00000000c6c80000, 0x00000000ebb00000)
  object space 61952K, 0% used [0x00000000c3000000,0x00000000c30789d0,0x00000000c6c80000)
 Metaspace       used 7367K, capacity 7498K, committed 7552K, reserved 1056768K
  class space    used 802K, capacity 850K, committed 896K, reserved 1048576K
}
Event: 336.342 GC heap before
{Heap before GC invocations=5 (full 0):
 PSYoungGen      total 1536K, used 1520K [0x00000000ebb00000, 0x00000000ebd00000, 0x0000000100000000)
  eden space 1024K, 100% used [0x00000000ebb00000,0x00000000ebc00000,0x00000000ebc00000)
  from space 512K, 96% used [0x00000000ebc80000,0x00000000ebcfc010,0x00000000ebd00000)
  to   space 512K, 0% used [0x00000000ebc00000,0x00000000ebc00000,0x00000000ebc80000)
 ParOldGen       total 61952K, used 482K [0x00000000c3000000, 0x00000000c6c80000, 0x00000000ebb00000)
  object space 61952K, 0% used [0x00000000c3000000,0x00000000c30789d0,0x00000000c6c80000)
 Metaspace       used 8354K, capacity 8532K, committed 8704K, reserved 1056768K
  class space    used 919K, capacity 980K, committed 1024K, reserved 1048576K
Event: 336.344 GC heap after
Heap after GC invocations=5 (full 0):
 PSYoungGen      total 1536K, used 496K [0x00000000ebb00000, 0x00000000ebf00000, 0x0000000100000000)
  eden space 1024K, 0% used [0x00000000ebb00000,0x00000000ebb00000,0x00000000ebc00000)
  from space 512K, 96% used [0x00000000ebc00000,0x00000000ebc7c010,0x00000000ebc80000)
  to   space 1024K, 0% used [0x00000000ebe00000,0x00000000ebe00000,0x00000000ebf00000)
 ParOldGen       total 61952K, used 930K [0x00000000c3000000, 0x00000000c6c80000, 0x00000000ebb00000)
  object space 61952K, 1% used [0x00000000c3000000,0x00000000c30e89d0,0x00000000c6c80000)
 Metaspace       used 8354K, capacity 8532K, committed 8704K, reserved 1056768K
  class space    used 919K, capacity 980K, committed 1024K, reserved 1048576K
}

